[2024-05-20T11:35:56.188] [INFO] responses - Received message from Carson Karren (U051TS52YKA): test9
[2024-05-20T11:35:59.424] [INFO] responses - Response to Carson Karren (U051TS52YKA): Sure, I'm here to assist you. Can you please provide more details about the topic you're interested in? Are you looking to know more about blockchain, digital rewards, or something else related? Your question will help guide my response and offer the best assistance possible.
[2024-05-20T12:05:58.442] [INFO] responses - Received message from Carson Karren (U051TS52YKA): test15
[2024-05-20T12:06:03.531] [INFO] responses - Response to Carson Karren (U051TS52YKA): Hello! I'm ready to assist you in discussing blockchain and digital rewards while staying compliant. Remember, it's crucial to underscore the non-investment, utility-oriented nature of digital rewards and node operations. Think of digital rewards as incentives for network participation and active engagement. If you have draft messages, I can review them for compliance or clarify any terms or concepts you're unsure about. Don't hesitate to ask!
[2024-05-20T12:11:37.365] [INFO] responses - Received message from Cat Bonar (U047VGYKV51): We would like to re-brand and differentiate Grow United LLCs mission/call to action to be:The Food Renaissance - Powered by the Grow Blockchain (Will’s preference)
Variations might be: Join the Food Renaissance -- Powered by the Grow Blockchain
Grow United: Empowering a New Era In Food Transparency
Join the food Renaissance, powered by the Grow Blockchain
Grow United: Leading the Food Renaissance, one person, one partner, one node at a time.
Step into the Renaissance with Grow United: Lead the Food Transparency Movement.”
“Be Part of the Grow United Renaissance: Redefining Food Transparency Together.”
“Embrace the Grow United Renaissance: Pioneering the Future of Food Transparency.”
“Ignite the Grow United Renaissance: Transform Food Transparency for All.”
Can we do this? Currently both the Grow Blockchain and Grow United LLC speak about “nourshing people, animals, and the planet” --
[2024-05-20T12:11:57.741] [INFO] responses - Response to Cat Bonar (U047VGYKV51): You can certainly rebrand and differentiate Grow United LLC's mission or call to action but we need to ensure the language used adheres to strict guidelines when speaking about the Grow Blockchain. 

So, when referring to the blockchain, make sure you avoid possession phrases like "the Grow Blockchain". Instead, utilize terms that foster a sense of community involvement, such as "Blockchain technology nurtured by the Grow United community." Here's how the suggested slogans might be adapted for compliance:

- Join the Food Renaissance -- Powered by Blockchain Technology Nurtured by the Grow United Community
- Grow United: Empowering a New Era in Food Transparency Through Distributed Ledger Technology
- Join the Food Renaissance, Powered by Blockchain Technology Supported by the Grow United Community
- Grow United: Leading the Food Renaissance, One Person, One Partner, One Node at a Time
- Step into the Renaissance with Grow United: Lead the Food Transparency Movement Powered by Blockchain Technology
- Be Part of the Blockchain Evolution with Grow United: Redefining Food Transparency Together
- Embrace the Future with Grow United: Pioneering the Future of Food Transparency Through Blockchain Technology
- Ignite Transparency with Grow United: Transform Food Transparency for All with Blockchain Technology.

Remember, all terms and phrasing related to blockchain and digital rewards must highlight their utility-based, non-investment nature. Once you settle on the message you'd like to use, remember you can submit for a compliance review at the provided [Google Form](https://docs.google.com/forms/d/e/1FAIpQLSeMbBMnMwgad7wjLbK-VnAKPDvta2n3UsOsYGsClBUW8MePeA/viewform?usp=sf_link).

Now, how can I assist you today?
[2024-05-20T14:16:30.319] [INFO] slackbot - User (Carson Karren): test41
[2024-05-20T14:16:36.949] [INFO] slackbot - Bot: Hello! I'm here to assist with ensuring your communication around blockchain and digital rewards is compliant. Please remember that all my responses are designed based on strict compliance guidelines. I'm still in beta and serve as a tool for general compliance information, not a substitute for professional legal advice. I'm not responsible for any incorrect information provided nor liable for any actions taken based on my responses.

Now, how may I assist you today?
[2024-05-20T14:17:38.203] [INFO] slackbot - User (Christof Steffensen): This is a second test message
[2024-05-20T14:17:42.400] [INFO] slackbot - Bot: Hello! I'm your helpful compliance bot. Is there anything specific you would like to discuss or any terms you want explained, relating to our blockchain or digital rewards? Just remember, I only provide general advice and compliance information. I am not a substitute for professional legal advice. Plus, I am in beta testing and not responsible for any incorrect information that might be provided.
[2024-05-20T20:21:28.745] [INFO] slackbot - User (Carson Karren): test43
[2024-05-20T20:21:33.486] [INFO] slackbot - Bot: Hello! Welcome to the Digital Compliance Assistant. I'm here to help ensure your discussions about our blockchain and digital rewards stay compliant. Just a friendly reminder, I'm in beta and provide general compliance information and guidance, not a replacement for legal advice.


How can I assist you with compliant communication today about blockchain, digital rewards, nodes, or participation?
